1
Iniciando
Iniciando Start
machinhe - 1
Teste de Status
[]
Vm []
1
Iniciando
Iniciando Start
machinhe - 1
Teste de Status
[]
Vm []
1
Iniciando
Iniciando Start
machinhe - 1
Teste de Status
[]
Vm []
1
Iniciando
Iniciando Start
machinhe - 1
Teste de Status
[]
Vm []
1
Iniciando
Iniciando Start
machinhe - 1
Teste de Status
[]
Vm []
1
Iniciando
Iniciando Start
machinhe - 1
Teste de Status
[]
Vm []
1
Iniciando
Iniciando Start
machinhe - 1
Teste de Status
[]
Vm []
1
Iniciando
Iniciando Start
machinhe - 1
Teste de Status
[]
Vm []
1
Iniciando
Iniciando Start
machinhe - 1
Teste de Status
[]
Vm []
1
Iniciando
Iniciando Start
machinhe - 1
Teste de Status
[]
Vm []
1
Iniciando
Iniciando Start
machinhe - 1
Teste de Status
[]
Vm []
1
Iniciando
Iniciando Start
machinhe - 1
Teste de Status
[]
Vm []
1
Iniciando
Iniciando Start
machinhe - 1
Teste de Status
[]
Vm []
