AZCPSRELATORIO-R
Iniciando
Iniciando Start
machinhe - AZCPSRELATORIO-R
Teste de Status
deallocated
Tue Jun 15 18:55:36 UTC 2021 ------- starting AZCPSRELATORIO-R
sudo -u compass az login --identity --allow-no-subscriptions
[
  {
    "environmentName": "AzureCloud",
    "homeTenantId": "e7c411a6-9013-4967-a5b1-3d08f9edc13e",
    "id": "1a57e146-e577-48fa-b17a-e5eb684a4396",
    "isDefault": true,
    "managedByTenants": [
      {
        "tenantId": "2f4a9838-26b7-47ee-be60-ccc1fdec5953"
      }
    ],
    "name": "Compass",
    "state": "Enabled",
    "tenantId": "e7c411a6-9013-4967-a5b1-3d08f9edc13e",
    "user": {
      "assignedIdentityInfo": "MSI",
      "name": "systemAssignedIdentity",
      "type": "servicePrincipal"
    }
  }
]
sudo -u compass az account set --subscription Compass
-------
az vm start --resource-group PrevisaoPLD --name AZCPSRELATORIO-R
-------
Creating folders
ssh compass@ "echo "[:X.3LR9@ge_r_*Q" | sudo -E -S mkdir -p -m 775 /mnt/resource/{decomp,newave} | sudo -E -S mkdir -p -m 775 /dev/shm/{decomp,newave} "
SSH Falhou
Host key verification failed.
Host key verification failed.
Host key verification failed.
SSH Falhou
Host key verification failed.
Host key verification failed.
Host key verification failed.
SSH Falhou
Host key verification failed.
Host key verification failed.
Host key verification failed.
SSH Falhou
Host key verification failed.
Host key verification failed.
Host key verification failed.
SSH Falhou
Host key verification failed.
Host key verification failed.
Host key verification failed.
SSH Falhou
Host key verification failed.
Host key verification failed.
Host key verification failed.
SSH Falhou
Host key verification failed.
Host key verification failed.
Host key verification failed.
SSH Falhou
Host key verification failed.
Host key verification failed.
Host key verification failed.
SSH Falhou
Host key verification failed.
Host key verification failed.
Host key verification failed.
SSH Falhou
Host key verification failed.
Host key verification failed.
Host key verification failed.
SSH Falhou
Host key verification failed.
Host key verification failed.
Host key verification failed.
SSH Falhou
Host key verification failed.
Host key verification failed.
Host key verification failed.
SSH Falhou
Host key verification failed.
Host key verification failed.
Host key verification failed.
SSH Falhou
Host key verification failed.
Host key verification failed.
Host key verification failed.
SSH Falhou
Host key verification failed.
Host key verification failed.
Host key verification failed.
SSH Falhou
Host key verification failed.
Host key verification failed.
Host key verification failed.
SSH Falhou
Host key verification failed.
Host key verification failed.
Host key verification failed.
SSH Falhou
Host key verification failed.
Host key verification failed.
Host key verification failed.
SSH Falhou
Host key verification failed.
Host key verification failed.
Host key verification failed.
SSH Falhou
Host key verification failed.
Host key verification failed.
Host key verification failed.
SSH Falhou
Host key verification failed.
Host key verification failed.
Host key verification failed.
SSH Falhou
Host key verification failed.
Host key verification failed.
Host key verification failed.
SSH Falhou
Host key verification failed.
Host key verification failed.
Host key verification failed.
SSH Falhou
Host key verification failed.
Host key verification failed.
Host key verification failed.
SSH Falhou
Host key verification failed.
Host key verification failed.
Host key verification failed.
SSH Falhou
Host key verification failed.
Host key verification failed.
Host key verification failed.
SSH Falhou
Host key verification failed.
Host key verification failed.
Host key verification failed.
SSH Falhou
Host key verification failed.
Host key verification failed.
Host key verification failed.
SSH Falhou
Host key verification failed.
Host key verification failed.
Host key verification failed.
SSH Falhou
Host key verification failed.
Host key verification failed.
Host key verification failed.
SSH Falhou
Host key verification failed.
Host key verification failed.
Host key verification failed.
SSH Falhou
Host key verification failed.
Host key verification failed.
Host key verification failed.
SSH Falhou
Host key verification failed.
Host key verification failed.
Host key verification failed.
SSH Falhou
Host key verification failed.
Host key verification failed.
Host key verification failed.
SSH Falhou
Host key verification failed.
Host key verification failed.
Host key verification failed.
SSH Falhou
Host key verification failed.
Host key verification failed.
Host key verification failed.
SSH Falhou
Host key verification failed.
Host key verification failed.
Host key verification failed.
SSH Falhou
Host key verification failed.
Host key verification failed.
Host key verification failed.
SSH Falhou
Host key verification failed.
Host key verification failed.
Host key verification failed.
SSH Falhou
Host key verification failed.
Host key verification failed.
Host key verification failed.
SSH Falhou
Host key verification failed.
Host key verification failed.
Host key verification failed.
SSH Falhou
Host key verification failed.
Host key verification failed.
Host key verification failed.
SSH Falhou
Host key verification failed.
Host key verification failed.
Host key verification failed.
SSH Falhou
Host key verification failed.
Host key verification failed.
Host key verification failed.
SSH Falhou
Host key verification failed.
Host key verification failed.
Host key verification failed.
SSH Falhou
Host key verification failed.
Host key verification failed.
Host key verification failed.
SSH Falhou
Host key verification failed.
Host key verification failed.
Host key verification failed.
SSH Falhou
Host key verification failed.
Host key verification failed.
Host key verification failed.
SSH Falhou
Host key verification failed.
Host key verification failed.
Host key verification failed.
SSH Falhou
Host key verification failed.
Host key verification failed.
Host key verification failed.
SSH Falhou
Host key verification failed.
Host key verification failed.
Host key verification failed.
SSH Falhou
Host key verification failed.
Host key verification failed.
Host key verification failed.
SSH Falhou
Host key verification failed.
Host key verification failed.
Host key verification failed.
SSH Falhou
Host key verification failed.
Host key verification failed.
Host key verification failed.
SSH Falhou
Host key verification failed.
Host key verification failed.
Host key verification failed.
SSH Falhou
Host key verification failed.
Host key verification failed.
Host key verification failed.
SSH Falhou
Host key verification failed.
Host key verification failed.
Host key verification failed.
SSH Falhou
Host key verification failed.
Host key verification failed.
Host key verification failed.
SSH Falhou
Host key verification failed.
Host key verification failed.
Host key verification failed.
SSH Falhou
Host key verification failed.
Host key verification failed.
Host key verification failed.
SSH Falhou
Host key verification failed.
Host key verification failed.
Host key verification failed.
SSH Falhou
Host key verification failed.
Host key verification failed.
Host key verification failed.
SSH Falhou
Host key verification failed.
Host key verification failed.
Host key verification failed.
SSH Falhou
Host key verification failed.
Host key verification failed.
Host key verification failed.
SSH Falhou
Host key verification failed.
Host key verification failed.
Host key verification failed.
SSH Falhou
Host key verification failed.
Host key verification failed.
Host key verification failed.
SSH Falhou
Host key verification failed.
Host key verification failed.
Host key verification failed.
SSH Falhou
Host key verification failed.
Host key verification failed.
Host key verification failed.
SSH Falhou
Host key verification failed.
Host key verification failed.
Host key verification failed.
SSH Falhou
Host key verification failed.
Host key verification failed.
Host key verification failed.
SSH Falhou
Host key verification failed.
Host key verification failed.
Host key verification failed.
SSH Falhou
Host key verification failed.
Host key verification failed.
Host key verification failed.
SSH Falhou
Host key verification failed.
Host key verification failed.
Host key verification failed.
SSH Falhou
Host key verification failed.
Host key verification failed.
Host key verification failed.
SSH Falhou
Host key verification failed.
Host key verification failed.
Host key verification failed.
SSH Falhou
Host key verification failed.
Host key verification failed.
Host key verification failed.
SSH Falhou
Host key verification failed.
Host key verification failed.
Host key verification failed.
SSH Falhou
Host key verification failed.
Host key verification failed.
Host key verification failed.
SSH Falhou
Host key verification failed.
Host key verification failed.
Host key verification failed.
SSH Falhou
Host key verification failed.
Host key verification failed.
Host key verification failed.
SSH Falhou
Host key verification failed.
Host key verification failed.
Host key verification failed.
SSH Falhou
Host key verification failed.
Host key verification failed.
Host key verification failed.
SSH Falhou
Host key verification failed.
Host key verification failed.
Host key verification failed.
SSH Falhou
Host key verification failed.
Host key verification failed.
Host key verification failed.
SSH Falhou
Host key verification failed.
Host key verification failed.
Host key verification failed.
SSH Falhou
Host key verification failed.
Host key verification failed.
Host key verification failed.
SSH Falhou
Host key verification failed.
Host key verification failed.
Host key verification failed.
SSH Falhou
Host key verification failed.
Host key verification failed.
Host key verification failed.
SSH Falhou
Host key verification failed.
Host key verification failed.
Host key verification failed.
SSH Falhou
Host key verification failed.
Host key verification failed.
Host key verification failed.
SSH Falhou
Host key verification failed.
Host key verification failed.
Host key verification failed.
SSH Falhou
Host key verification failed.
Host key verification failed.
Host key verification failed.
SSH Falhou
Host key verification failed.
Host key verification failed.
Host key verification failed.
SSH Falhou
Host key verification failed.
Host key verification failed.
Host key verification failed.
SSH Falhou
Host key verification failed.
Host key verification failed.
Host key verification failed.
SSH Falhou
Host key verification failed.
Host key verification failed.
Host key verification failed.
SSH Falhou
Host key verification failed.
Host key verification failed.
Host key verification failed.
SSH Falhou
Host key verification failed.
Host key verification failed.
Host key verification failed.
SSH Falhou
Host key verification failed.
Host key verification failed.
Host key verification failed.
SSH Falhou
Host key verification failed.
Host key verification failed.
Host key verification failed.
SSH Falhou
Host key verification failed.
Host key verification failed.
Host key verification failed.
SSH Falhou
Host key verification failed.
Host key verification failed.
Host key verification failed.
SSH Falhou
Host key verification failed.
Host key verification failed.
Host key verification failed.
SSH Falhou
Host key verification failed.
Host key verification failed.
Host key verification failed.
SSH Falhou
Host key verification failed.
Host key verification failed.
Host key verification failed.
SSH Falhou
Host key verification failed.
Host key verification failed.
Host key verification failed.
SSH Falhou
Host key verification failed.
Host key verification failed.
Host key verification failed.
SSH Falhou
Host key verification failed.
Host key verification failed.
Host key verification failed.
SSH Falhou
Host key verification failed.
Host key verification failed.
Host key verification failed.
SSH Falhou
Host key verification failed.
Host key verification failed.
Host key verification failed.
SSH Falhou
Host key verification failed.
Host key verification failed.
Host key verification failed.
SSH Falhou
Host key verification failed.
Host key verification failed.
Host key verification failed.
SSH Falhou
Host key verification failed.
Host key verification failed.
Host key verification failed.
SSH Falhou
Host key verification failed.
Host key verification failed.
Host key verification failed.
SSH Falhou
Host key verification failed.
Host key verification failed.
Host key verification failed.
SSH Falhou
Host key verification failed.
Host key verification failed.
Host key verification failed.
SSH Falhou
Host key verification failed.
Host key verification failed.
Host key verification failed.
SSH Falhou
Host key verification failed.
Host key verification failed.
Host key verification failed.
SSH Falhou
Host key verification failed.
Host key verification failed.
Host key verification failed.
SSH Falhou
Host key verification failed.
Host key verification failed.
Host key verification failed.
SSH Falhou
Host key verification failed.
Host key verification failed.
Host key verification failed.
SSH Falhou
Host key verification failed.
Host key verification failed.
Host key verification failed.
SSH Falhou
Host key verification failed.
Host key verification failed.
Host key verification failed.
SSH Falhou
Host key verification failed.
Host key verification failed.
Host key verification failed.
SSH Falhou
Host key verification failed.
Host key verification failed.
Host key verification failed.
SSH Falhou
Host key verification failed.
Host key verification failed.
Host key verification failed.
SSH Falhou
Host key verification failed.
Host key verification failed.
Host key verification failed.
SSH Falhou
Host key verification failed.
Host key verification failed.
Host key verification failed.
SSH Falhou
Host key verification failed.
Host key verification failed.
Host key verification failed.
SSH Falhou
Host key verification failed.
Host key verification failed.
Host key verification failed.
SSH Falhou
Host key verification failed.
Host key verification failed.
Host key verification failed.
SSH Falhou
Host key verification failed.
Host key verification failed.
Host key verification failed.
SSH Falhou
Host key verification failed.
Host key verification failed.
Host key verification failed.
SSH Falhou
Host key verification failed.
Host key verification failed.
Host key verification failed.
SSH Falhou
Host key verification failed.
Host key verification failed.
Host key verification failed.
SSH Falhou
Host key verification failed.
Host key verification failed.
Host key verification failed.
SSH Falhou
Host key verification failed.
Host key verification failed.
Host key verification failed.
SSH Falhou
Host key verification failed.
Host key verification failed.
Host key verification failed.
SSH Falhou
Host key verification failed.
Host key verification failed.
Host key verification failed.
SSH Falhou
Host key verification failed.
Host key verification failed.
Host key verification failed.
SSH Falhou
Host key verification failed.
Host key verification failed.
Host key verification failed.
SSH Falhou
Host key verification failed.
Host key verification failed.
Host key verification failed.
SSH Falhou
Host key verification failed.
Host key verification failed.
Host key verification failed.
SSH Falhou
Host key verification failed.
Host key verification failed.
Host key verification failed.
SSH Falhou
Host key verification failed.
Host key verification failed.
Host key verification failed.
SSH Falhou
Host key verification failed.
Host key verification failed.
Host key verification failed.
SSH Falhou
Host key verification failed.
Host key verification failed.
Host key verification failed.
SSH Falhou
Host key verification failed.
Host key verification failed.
Host key verification failed.
SSH Falhou
Host key verification failed.
Host key verification failed.
Host key verification failed.
SSH Falhou
Host key verification failed.
Host key verification failed.
Host key verification failed.
SSH Falhou
Host key verification failed.
Host key verification failed.
Host key verification failed.
SSH Falhou
Host key verification failed.
Host key verification failed.
Host key verification failed.
SSH Falhou
Host key verification failed.
Host key verification failed.
Host key verification failed.
SSH Falhou
Host key verification failed.
Host key verification failed.
Host key verification failed.
SSH Falhou
Host key verification failed.
Host key verification failed.
Host key verification failed.
SSH Falhou
Host key verification failed.
Host key verification failed.
Host key verification failed.
SSH Falhou
Host key verification failed.
Host key verification failed.
Host key verification failed.
SSH Falhou
Host key verification failed.
Host key verification failed.
Host key verification failed.
SSH Falhou
Host key verification failed.
Host key verification failed.
Host key verification failed.
SSH Falhou
Host key verification failed.
Host key verification failed.
Host key verification failed.
SSH Falhou
Host key verification failed.
Host key verification failed.
Host key verification failed.
SSH Falhou
Host key verification failed.
Host key verification failed.
Host key verification failed.
SSH Falhou
Host key verification failed.
Host key verification failed.
Host key verification failed.
SSH Falhou
Host key verification failed.
Host key verification failed.
Host key verification failed.
SSH Falhou
Host key verification failed.
Host key verification failed.
Host key verification failed.
SSH Falhou
Host key verification failed.
Host key verification failed.
Host key verification failed.
SSH Falhou
Host key verification failed.
Host key verification failed.
Host key verification failed.
SSH Falhou
Host key verification failed.
Host key verification failed.
Host key verification failed.
SSH Falhou
Host key verification failed.
Host key verification failed.
Host key verification failed.
SSH Falhou
Host key verification failed.
Host key verification failed.
Host key verification failed.
SSH Falhou
Host key verification failed.
Host key verification failed.
Host key verification failed.
SSH Falhou
Host key verification failed.
Host key verification failed.
Host key verification failed.
SSH Falhou
Host key verification failed.
Host key verification failed.
Host key verification failed.
SSH Falhou
Host key verification failed.
Host key verification failed.
Host key verification failed.
SSH Falhou
Host key verification failed.
Host key verification failed.
Host key verification failed.
SSH Falhou
Host key verification failed.
Host key verification failed.
Host key verification failed.
SSH Falhou
Host key verification failed.
Host key verification failed.
Host key verification failed.
SSH Falhou
Host key verification failed.
Host key verification failed.
Host key verification failed.
SSH Falhou
Host key verification failed.
Host key verification failed.
Host key verification failed.
SSH Falhou
Host key verification failed.
Host key verification failed.
Host key verification failed.
SSH Falhou
Host key verification failed.
Host key verification failed.
Host key verification failed.
SSH Falhou
Host key verification failed.
Host key verification failed.
Host key verification failed.
SSH Falhou
Host key verification failed.
Host key verification failed.
Host key verification failed.
SSH Falhou
Host key verification failed.
Host key verification failed.
Host key verification failed.
SSH Falhou
Host key verification failed.
Host key verification failed.
Host key verification failed.
SSH Falhou
Host key verification failed.
Host key verification failed.
Host key verification failed.
SSH Falhou
Host key verification failed.
Host key verification failed.
Host key verification failed.
SSH Falhou
Host key verification failed.
Host key verification failed.
Host key verification failed.
SSH Falhou
Host key verification failed.
Host key verification failed.
Host key verification failed.
SSH Falhou
Host key verification failed.
Host key verification failed.
Host key verification failed.
SSH Falhou
Host key verification failed.
Host key verification failed.
Host key verification failed.
SSH Falhou
Host key verification failed.
Host key verification failed.
Host key verification failed.
SSH Falhou
Host key verification failed.
Host key verification failed.
Host key verification failed.
SSH Falhou
Host key verification failed.
Host key verification failed.
Host key verification failed.
SSH Falhou
Host key verification failed.
Host key verification failed.
Host key verification failed.
SSH Falhou
Host key verification failed.
Host key verification failed.
Host key verification failed.
SSH Falhou
Host key verification failed.
Host key verification failed.
Host key verification failed.
SSH Falhou
Host key verification failed.
Host key verification failed.
Host key verification failed.
SSH Falhou
Host key verification failed.
Host key verification failed.
Host key verification failed.
SSH Falhou
Host key verification failed.
Host key verification failed.
Host key verification failed.
SSH Falhou
Host key verification failed.
Host key verification failed.
Host key verification failed.
SSH Falhou
Host key verification failed.
Host key verification failed.
Host key verification failed.
SSH Falhou
Host key verification failed.
Host key verification failed.
Host key verification failed.
SSH Falhou
Host key verification failed.
Host key verification failed.
Host key verification failed.
SSH Falhou
Host key verification failed.
Host key verification failed.
Host key verification failed.
SSH Falhou
Host key verification failed.
Host key verification failed.
Host key verification failed.
SSH Falhou
Host key verification failed.
Host key verification failed.
Host key verification failed.
SSH Falhou
Host key verification failed.
Host key verification failed.
Host key verification failed.
SSH Falhou
Host key verification failed.
Host key verification failed.
Host key verification failed.
SSH Falhou
Host key verification failed.
Host key verification failed.
Host key verification failed.
SSH Falhou
Host key verification failed.
Host key verification failed.
Host key verification failed.
SSH Falhou
Host key verification failed.
Host key verification failed.
Host key verification failed.
SSH Falhou
Host key verification failed.
Host key verification failed.
Host key verification failed.
SSH Falhou
Host key verification failed.
Host key verification failed.
Host key verification failed.
SSH Falhou
Host key verification failed.
Host key verification failed.
Host key verification failed.
SSH Falhou
Host key verification failed.
Host key verification failed.
Host key verification failed.
SSH Falhou
Host key verification failed.
Host key verification failed.
Host key verification failed.
SSH Falhou
Host key verification failed.
Host key verification failed.
Host key verification failed.
SSH Falhou
Host key verification failed.
Host key verification failed.
Host key verification failed.
SSH Falhou
Host key verification failed.
Host key verification failed.
Host key verification failed.
SSH Falhou
Host key verification failed.
Host key verification failed.
Host key verification failed.
SSH Falhou
Host key verification failed.
Host key verification failed.
Host key verification failed.
SSH Falhou
Host key verification failed.
Host key verification failed.
Host key verification failed.
SSH Falhou
Host key verification failed.
Host key verification failed.
Host key verification failed.
SSH Falhou
Host key verification failed.
Host key verification failed.
Host key verification failed.
SSH Falhou
Host key verification failed.
Host key verification failed.
Host key verification failed.
SSH Falhou
Host key verification failed.
Host key verification failed.
Host key verification failed.
SSH Falhou
Host key verification failed.
Host key verification failed.
Host key verification failed.
SSH Falhou
Host key verification failed.
Host key verification failed.
Host key verification failed.
SSH Falhou
Host key verification failed.
Host key verification failed.
Host key verification failed.
SSH Falhou
Host key verification failed.
Host key verification failed.
Host key verification failed.
SSH Falhou
Host key verification failed.
Host key verification failed.
Host key verification failed.
SSH Falhou
Host key verification failed.
Host key verification failed.
Host key verification failed.
SSH Falhou
Host key verification failed.
Host key verification failed.
Host key verification failed.
SSH Falhou
Host key verification failed.
Host key verification failed.
Host key verification failed.
SSH Falhou
Host key verification failed.
Host key verification failed.
Host key verification failed.
SSH Falhou
Host key verification failed.
Host key verification failed.
Host key verification failed.
SSH Falhou
Host key verification failed.
Host key verification failed.
Host key verification failed.
SSH Falhou
Host key verification failed.
Host key verification failed.
Host key verification failed.
SSH Falhou
Host key verification failed.
Host key verification failed.
Host key verification failed.
SSH Falhou
Host key verification failed.
Host key verification failed.
Host key verification failed.
SSH Falhou
Host key verification failed.
Host key verification failed.
Host key verification failed.
SSH Falhou
Host key verification failed.
Host key verification failed.
Host key verification failed.
SSH Falhou
Host key verification failed.
Host key verification failed.
Host key verification failed.
SSH Falhou
Host key verification failed.
Host key verification failed.
Host key verification failed.
SSH Falhou
Host key verification failed.
Host key verification failed.
Host key verification failed.
SSH Falhou
Host key verification failed.
Host key verification failed.
Host key verification failed.
SSH Falhou
Host key verification failed.
Host key verification failed.
Host key verification failed.
SSH Falhou
Host key verification failed.
Host key verification failed.
Host key verification failed.
SSH Falhou
Host key verification failed.
Host key verification failed.
Host key verification failed.
SSH Falhou
Host key verification failed.
Host key verification failed.
Host key verification failed.
SSH Falhou
Host key verification failed.
Host key verification failed.
Host key verification failed.
SSH Falhou
Host key verification failed.
Host key verification failed.
Host key verification failed.
SSH Falhou
Host key verification failed.
Host key verification failed.
Host key verification failed.
SSH Falhou
Host key verification failed.
Host key verification failed.
Host key verification failed.
SSH Falhou
Host key verification failed.
Host key verification failed.
Host key verification failed.
SSH Falhou
Host key verification failed.
Host key verification failed.
Host key verification failed.
SSH Falhou
Host key verification failed.
Host key verification failed.
Host key verification failed.
SSH Falhou
Host key verification failed.
Host key verification failed.
Host key verification failed.
SSH Falhou
Host key verification failed.
Host key verification failed.
Host key verification failed.
SSH Falhou
Host key verification failed.
Host key verification failed.
Host key verification failed.
SSH Falhou
Host key verification failed.
Host key verification failed.
Host key verification failed.
SSH Falhou
Host key verification failed.
Host key verification failed.
Host key verification failed.
SSH Falhou
Host key verification failed.
Host key verification failed.
Host key verification failed.
SSH Falhou
Host key verification failed.
Host key verification failed.
Host key verification failed.
SSH Falhou
Host key verification failed.
Host key verification failed.
Host key verification failed.
SSH Falhou
Host key verification failed.
Host key verification failed.
Host key verification failed.
SSH Falhou
Host key verification failed.
Host key verification failed.
Host key verification failed.
SSH Falhou
Host key verification failed.
Host key verification failed.
Host key verification failed.
SSH Falhou
Host key verification failed.
Host key verification failed.
Host key verification failed.
SSH Falhou
Host key verification failed.
Host key verification failed.
Host key verification failed.
SSH Falhou
Host key verification failed.
Host key verification failed.
Host key verification failed.
SSH Falhou
Host key verification failed.
Host key verification failed.
Host key verification failed.
SSH Falhou
Host key verification failed.
Host key verification failed.
Host key verification failed.
SSH Falhou
Host key verification failed.
Host key verification failed.
Host key verification failed.
SSH Falhou
Host key verification failed.
Host key verification failed.
Host key verification failed.
SSH Falhou
Host key verification failed.
Host key verification failed.
Host key verification failed.
SSH Falhou
Host key verification failed.
Host key verification failed.
Host key verification failed.
SSH Falhou
Host key verification failed.
Host key verification failed.
Host key verification failed.
SSH Falhou
Host key verification failed.
Host key verification failed.
Host key verification failed.
SSH Falhou
Host key verification failed.
Host key verification failed.
Host key verification failed.
SSH Falhou
Host key verification failed.
Host key verification failed.
Host key verification failed.
SSH Falhou
Host key verification failed.
Host key verification failed.
Host key verification failed.
SSH Falhou
Host key verification failed.
Host key verification failed.
Host key verification failed.
SSH Falhou
Host key verification failed.
Host key verification failed.
Host key verification failed.
SSH Falhou
Host key verification failed.
Host key verification failed.
Host key verification failed.
SSH Falhou
Host key verification failed.
Host key verification failed.
Host key verification failed.
SSH Falhou
Host key verification failed.
Host key verification failed.
Host key verification failed.
SSH Falhou
Host key verification failed.
Host key verification failed.
Host key verification failed.
SSH Falhou
Host key verification failed.
Host key verification failed.
Host key verification failed.
SSH Falhou
Host key verification failed.
Host key verification failed.
Host key verification failed.
SSH Falhou
Host key verification failed.
Host key verification failed.
Host key verification failed.
SSH Falhou
Host key verification failed.
Host key verification failed.
Host key verification failed.
SSH Falhou
Host key verification failed.
Host key verification failed.
Host key verification failed.
SSH Falhou
Host key verification failed.
Host key verification failed.
Host key verification failed.
SSH Falhou
Host key verification failed.
Host key verification failed.
Host key verification failed.
SSH Falhou
Host key verification failed.
Host key verification failed.
Host key verification failed.
SSH Falhou
Host key verification failed.
Host key verification failed.
Host key verification failed.
SSH Falhou
Host key verification failed.
Host key verification failed.
Host key verification failed.
SSH Falhou
Host key verification failed.
Host key verification failed.
Host key verification failed.
SSH Falhou
Host key verification failed.
Host key verification failed.
Host key verification failed.
SSH Falhou
Host key verification failed.
Host key verification failed.
Host key verification failed.
SSH Falhou
Host key verification failed.
Host key verification failed.
Host key verification failed.
SSH Falhou
AZCPSRELATORIO-R
Iniciando
Iniciando Start
machinhe - AZCPSRELATORIO-R
Teste de Status
deallocated
Wed Jun 16 15:04:00 UTC 2021 ------- starting AZCPSRELATORIO-R
sudo -u compass az login --identity --allow-no-subscriptions
[
  {
    "environmentName": "AzureCloud",
    "homeTenantId": "e7c411a6-9013-4967-a5b1-3d08f9edc13e",
    "id": "1a57e146-e577-48fa-b17a-e5eb684a4396",
    "isDefault": true,
    "managedByTenants": [
      {
        "tenantId": "2f4a9838-26b7-47ee-be60-ccc1fdec5953"
      }
    ],
    "name": "Compass",
    "state": "Enabled",
    "tenantId": "e7c411a6-9013-4967-a5b1-3d08f9edc13e",
    "user": {
      "assignedIdentityInfo": "MSI",
      "name": "systemAssignedIdentity",
      "type": "servicePrincipal"
    }
  }
]
sudo -u compass az account set --subscription Compass
-------
az vm start --resource-group PrevisaoPLD --name AZCPSRELATORIO-R
-------
Creating folders
ssh compass@ "echo "[:X.3LR9@ge_r_*Q" | sudo -E -S mkdir -p -m 775 /mnt/resource/{decomp,newave} | sudo -E -S mkdir -p -m 775 /dev/shm/{decomp,newave} "
SSH Falhou
Host key verification failed.
Host key verification failed.
Host key verification failed.
SSH Falhou
Host key verification failed.
Host key verification failed.
Host key verification failed.
SSH Falhou
Host key verification failed.
Host key verification failed.
Host key verification failed.
SSH Falhou
Host key verification failed.
Host key verification failed.
Host key verification failed.
SSH Falhou
Host key verification failed.
Host key verification failed.
Host key verification failed.
SSH Falhou
Host key verification failed.
Host key verification failed.
Host key verification failed.
SSH Falhou
Host key verification failed.
Host key verification failed.
Host key verification failed.
SSH Falhou
Host key verification failed.
Host key verification failed.
Host key verification failed.
SSH Falhou
Host key verification failed.
Host key verification failed.
Host key verification failed.
SSH Falhou
Host key verification failed.
Host key verification failed.
Host key verification failed.
SSH Falhou
Host key verification failed.
Host key verification failed.
Host key verification failed.
SSH Falhou
Host key verification failed.
Host key verification failed.
Host key verification failed.
SSH Falhou
Host key verification failed.
Host key verification failed.
Host key verification failed.
SSH Falhou
Host key verification failed.
Host key verification failed.
Host key verification failed.
SSH Falhou
Host key verification failed.
Host key verification failed.
Host key verification failed.
SSH Falhou
Host key verification failed.
Host key verification failed.
Host key verification failed.
SSH Falhou
Host key verification failed.
Host key verification failed.
Host key verification failed.
SSH Falhou
Host key verification failed.
Host key verification failed.
Host key verification failed.
SSH Falhou
Host key verification failed.
Host key verification failed.
Host key verification failed.
SSH Falhou
Host key verification failed.
Host key verification failed.
Host key verification failed.
SSH Falhou
Permission denied, please try again.
Permission denied, please try again.
Permission denied (publickey,password).
Permission denied, please try again.
Permission denied, please try again.
Permission denied (publickey,password).
Permission denied, please try again.
Permission denied, please try again.
Permission denied (publickey,password).
SSH Falhou
Permission denied, please try again.
Permission denied, please try again.
Permission denied (publickey,password).
Permission denied, please try again.
Permission denied, please try again.
Permission denied (publickey,password).
Permission denied, please try again.
Permission denied, please try again.
Permission denied (publickey,password).
SSH Falhou
Permission denied, please try again.
Permission denied, please try again.
Permission denied (publickey,password).
Permission denied, please try again.
Permission denied, please try again.
Permission denied (publickey,password).
Permission denied, please try again.
Permission denied, please try again.
Permission denied (publickey,password).
SSH Falhou
Permission denied, please try again.
Permission denied, please try again.
Permission denied (publickey,password).
Permission denied, please try again.
Permission denied, please try again.
Permission denied (publickey,password).
Permission denied, please try again.
Permission denied, please try again.
Permission denied (publickey,password).
SSH Falhou
Permission denied, please try again.
Permission denied, please try again.
Permission denied (publickey,password).
Permission denied, please try again.
Permission denied, please try again.
Permission denied (publickey,password).
Permission denied, please try again.
Permission denied, please try again.
Permission denied (publickey,password).
SSH Falhou
Permission denied, please try again.
Permission denied, please try again.
Permission denied (publickey,password).
Permission denied, please try again.
Permission denied, please try again.
Permission denied (publickey,password).
Permission denied, please try again.
Permission denied, please try again.
Permission denied (publickey,password).
SSH Falhou
Permission denied, please try again.
Permission denied, please try again.
Permission denied (publickey,password).
Permission denied, please try again.
Permission denied, please try again.
Permission denied (publickey,password).
Permission denied, please try again.
Permission denied, please try again.
Permission denied (publickey,password).
SSH Falhou
Permission denied, please try again.
Permission denied, please try again.
Permission denied (publickey,password).
Permission denied, please try again.
Permission denied, please try again.
Permission denied (publickey,password).
Permission denied, please try again.
Permission denied, please try again.
Permission denied (publickey,password).
SSH Falhou
Permission denied, please try again.
Permission denied, please try again.
Permission denied (publickey,password).
Permission denied, please try again.
Permission denied, please try again.
Permission denied (publickey,password).
Permission denied, please try again.
Permission denied, please try again.
Permission denied (publickey,password).
SSH Falhou
Permission denied, please try again.
Permission denied, please try again.
Permission denied (publickey,password).
Permission denied, please try again.
Permission denied, please try again.
Permission denied (publickey,password).
Permission denied, please try again.
Permission denied, please try again.
Permission denied (publickey,password).
SSH Falhou
mkdir: created directory '/mnt/resource'
mkdir: created directory '/mnt/resource/decomp'
mkdir: created directory '/mnt/resource/newave'
Error: '/home/compass/sacomercializadora' is already mounted. Recheck your config
Criou Pasta 
Wed Jun 16 15:17:02 UTC 2021 -  Iddle
Wed Jun 16 15:18:07 UTC 2021 -  Iddle
Wed Jun 16 15:19:13 UTC 2021 -  Iddle
Wed Jun 16 15:20:19 UTC 2021 - Not Iddle
Wed Jun 16 15:21:24 UTC 2021 - Not Iddle
Wed Jun 16 15:22:30 UTC 2021 - Not Iddle
Wed Jun 16 15:23:35 UTC 2021 - Not Iddle
Wed Jun 16 15:24:40 UTC 2021 - Not Iddle
Wed Jun 16 15:25:46 UTC 2021 - Not Iddle
Wed Jun 16 15:26:51 UTC 2021 - Not Iddle
Wed Jun 16 15:27:57 UTC 2021 - Not Iddle
Wed Jun 16 15:29:02 UTC 2021 - Not Iddle
Wed Jun 16 15:30:07 UTC 2021 - Not Iddle
Wed Jun 16 15:31:13 UTC 2021 -  Iddle
Wed Jun 16 15:32:18 UTC 2021 -  Iddle
Wed Jun 16 15:33:26 UTC 2021 -  Iddle
Wed Jun 16 15:34:32 UTC 2021 -  Iddle
Wed Jun 16 15:35:38 UTC 2021 -  Iddle
Shutting down
az login --identity --allow-no-subscriptions
[
  {
    "environmentName": "AzureCloud",
    "homeTenantId": "e7c411a6-9013-4967-a5b1-3d08f9edc13e",
    "id": "1a57e146-e577-48fa-b17a-e5eb684a4396",
    "isDefault": true,
    "managedByTenants": [
      {
        "tenantId": "2f4a9838-26b7-47ee-be60-ccc1fdec5953"
      }
    ],
    "name": "Compass",
    "state": "Enabled",
    "tenantId": "e7c411a6-9013-4967-a5b1-3d08f9edc13e",
    "user": {
      "assignedIdentityInfo": "MSI",
      "name": "systemAssignedIdentity",
      "type": "servicePrincipal"
    }
  }
]
az account set --subscription Compass
az vm stop --resource-group PrevisaoPLD --name AZCPSRELATORIO-R
WARNING: About to power off the specified VM...
It will continue to be billed. To deallocate a VM, run: az vm deallocate.
az vm deallocate --resource-group PrevisaoPLD --name AZCPSRELATORIO-R
AZCPSRELATORIO-R
Iniciando
Iniciando Start
machinhe - AZCPSRELATORIO-R
Teste de Status
deallocated
Wed Jun 16 17:23:09 UTC 2021 ------- starting AZCPSRELATORIO-R
sudo -u compass az login --identity --allow-no-subscriptions
[
  {
    "environmentName": "AzureCloud",
    "homeTenantId": "e7c411a6-9013-4967-a5b1-3d08f9edc13e",
    "id": "1a57e146-e577-48fa-b17a-e5eb684a4396",
    "isDefault": true,
    "managedByTenants": [
      {
        "tenantId": "2f4a9838-26b7-47ee-be60-ccc1fdec5953"
      }
    ],
    "name": "Compass",
    "state": "Enabled",
    "tenantId": "e7c411a6-9013-4967-a5b1-3d08f9edc13e",
    "user": {
      "assignedIdentityInfo": "MSI",
      "name": "systemAssignedIdentity",
      "type": "servicePrincipal"
    }
  }
]
sudo -u compass az account set --subscription Compass
-------
az vm start --resource-group PrevisaoPLD --name AZCPSRELATORIO-R
-------
Creating folders
ssh compass@ "echo "[:X.3LR9@ge_r_*Q" | sudo -E -S mkdir -p -m 775 /mnt/resource/{decomp,newave} | sudo -E -S mkdir -p -m 775 /dev/shm/{decomp,newave} "
SSH Falhou
mkdir: created directory '/mnt/resource'
mkdir: created directory '/mnt/resource/decomp'
mkdir: created directory '/mnt/resource/newave'
Error: '/home/compass/sacomercializadora' is already mounted. Recheck your config
Criou Pasta 
Wed Jun 16 17:26:13 UTC 2021 - Not Iddle
Wed Jun 16 17:27:19 UTC 2021 -  Iddle
Wed Jun 16 17:28:46 UTC 2021 -  Iddle
Wed Jun 16 17:29:52 UTC 2021 -  Iddle
Wed Jun 16 17:30:57 UTC 2021 -  Iddle
Wed Jun 16 17:32:03 UTC 2021 -  Iddle
Shutting down
az login --identity --allow-no-subscriptions
[
  {
    "environmentName": "AzureCloud",
    "homeTenantId": "e7c411a6-9013-4967-a5b1-3d08f9edc13e",
    "id": "1a57e146-e577-48fa-b17a-e5eb684a4396",
    "isDefault": true,
    "managedByTenants": [
      {
        "tenantId": "2f4a9838-26b7-47ee-be60-ccc1fdec5953"
      }
    ],
    "name": "Compass",
    "state": "Enabled",
    "tenantId": "e7c411a6-9013-4967-a5b1-3d08f9edc13e",
    "user": {
      "assignedIdentityInfo": "MSI",
      "name": "systemAssignedIdentity",
      "type": "servicePrincipal"
    }
  }
]
az account set --subscription Compass
az vm stop --resource-group PrevisaoPLD --name AZCPSRELATORIO-R
WARNING: About to power off the specified VM...
It will continue to be billed. To deallocate a VM, run: az vm deallocate.
az vm deallocate --resource-group PrevisaoPLD --name AZCPSRELATORIO-R
AZCPSRELATORIO-R
Iniciando
Iniciando Start
machinhe - AZCPSRELATORIO-R
Teste de Status
deallocated
Wed Jun 16 17:33:48 UTC 2021 ------- starting AZCPSRELATORIO-R
sudo -u compass az login --identity --allow-no-subscriptions
[
  {
    "environmentName": "AzureCloud",
    "homeTenantId": "e7c411a6-9013-4967-a5b1-3d08f9edc13e",
    "id": "1a57e146-e577-48fa-b17a-e5eb684a4396",
    "isDefault": true,
    "managedByTenants": [
      {
        "tenantId": "2f4a9838-26b7-47ee-be60-ccc1fdec5953"
      }
    ],
    "name": "Compass",
    "state": "Enabled",
    "tenantId": "e7c411a6-9013-4967-a5b1-3d08f9edc13e",
    "user": {
      "assignedIdentityInfo": "MSI",
      "name": "systemAssignedIdentity",
      "type": "servicePrincipal"
    }
  }
]
sudo -u compass az account set --subscription Compass
-------
az vm start --resource-group PrevisaoPLD --name AZCPSRELATORIO-R
-------
Creating folders
ssh compass@ "echo "[:X.3LR9@ge_r_*Q" | sudo -E -S mkdir -p -m 775 /mnt/resource/{decomp,newave} | sudo -E -S mkdir -p -m 775 /dev/shm/{decomp,newave} "
SSH Falhou
mkdir: created directory '/mnt/resource'
mkdir: created directory '/mnt/resource/decomp'
mkdir: created directory '/mnt/resource/newave'
Error: '/home/compass/sacomercializadora' is already mounted. Recheck your config
Criou Pasta 
Wed Jun 16 17:37:15 UTC 2021 - Not Iddle
Wed Jun 16 17:38:21 UTC 2021 -  Iddle
Wed Jun 16 17:39:27 UTC 2021 -  Iddle
Wed Jun 16 17:40:32 UTC 2021 -  Iddle
Wed Jun 16 17:41:38 UTC 2021 -  Iddle
Wed Jun 16 17:42:44 UTC 2021 -  Iddle
Shutting down
az login --identity --allow-no-subscriptions
[
  {
    "environmentName": "AzureCloud",
    "homeTenantId": "e7c411a6-9013-4967-a5b1-3d08f9edc13e",
    "id": "1a57e146-e577-48fa-b17a-e5eb684a4396",
    "isDefault": true,
    "managedByTenants": [
      {
        "tenantId": "2f4a9838-26b7-47ee-be60-ccc1fdec5953"
      }
    ],
    "name": "Compass",
    "state": "Enabled",
    "tenantId": "e7c411a6-9013-4967-a5b1-3d08f9edc13e",
    "user": {
      "assignedIdentityInfo": "MSI",
      "name": "systemAssignedIdentity",
      "type": "servicePrincipal"
    }
  }
]
az account set --subscription Compass
az vm stop --resource-group PrevisaoPLD --name AZCPSRELATORIO-R
WARNING: About to power off the specified VM...
It will continue to be billed. To deallocate a VM, run: az vm deallocate.
az vm deallocate --resource-group PrevisaoPLD --name AZCPSRELATORIO-R
AZCPSRELATORIO-R
Iniciando
Iniciando Start
machinhe - AZCPSRELATORIO-R
Teste de Status
deallocated
Wed Jun 16 17:44:46 UTC 2021 ------- starting AZCPSRELATORIO-R
sudo -u compass az login --identity --allow-no-subscriptions
[
  {
    "environmentName": "AzureCloud",
    "homeTenantId": "e7c411a6-9013-4967-a5b1-3d08f9edc13e",
    "id": "1a57e146-e577-48fa-b17a-e5eb684a4396",
    "isDefault": true,
    "managedByTenants": [
      {
        "tenantId": "2f4a9838-26b7-47ee-be60-ccc1fdec5953"
      }
    ],
    "name": "Compass",
    "state": "Enabled",
    "tenantId": "e7c411a6-9013-4967-a5b1-3d08f9edc13e",
    "user": {
      "assignedIdentityInfo": "MSI",
      "name": "systemAssignedIdentity",
      "type": "servicePrincipal"
    }
  }
]
sudo -u compass az account set --subscription Compass
-------
az vm start --resource-group PrevisaoPLD --name AZCPSRELATORIO-R
-------
Creating folders
ssh compass@ "echo "[:X.3LR9@ge_r_*Q" | sudo -E -S mkdir -p -m 775 /mnt/resource/{decomp,newave} | sudo -E -S mkdir -p -m 775 /dev/shm/{decomp,newave} "
SSH Falhou
mkdir: created directory '/mnt/resource'
mkdir: created directory '/mnt/resource/decomp'
mkdir: created directory '/mnt/resource/newave'
Error: '/home/compass/sacomercializadora' is already mounted. Recheck your config
Criou Pasta 
Wed Jun 16 17:47:39 UTC 2021 - Not Iddle
Wed Jun 16 17:49:06 UTC 2021 - Not Iddle
Wed Jun 16 17:50:11 UTC 2021 - Not Iddle
Wed Jun 16 17:51:17 UTC 2021 - Not Iddle
Wed Jun 16 17:52:23 UTC 2021 - Not Iddle
Wed Jun 16 17:53:28 UTC 2021 - Not Iddle
Wed Jun 16 17:54:34 UTC 2021 - Not Iddle
Wed Jun 16 17:55:40 UTC 2021 - Not Iddle
Wed Jun 16 17:56:45 UTC 2021 - Not Iddle
Wed Jun 16 17:57:51 UTC 2021 - Not Iddle
Wed Jun 16 17:58:58 UTC 2021 - Not Iddle
Wed Jun 16 18:00:05 UTC 2021 - Not Iddle
Wed Jun 16 18:01:11 UTC 2021 - Not Iddle
Wed Jun 16 18:02:17 UTC 2021 - Not Iddle
Wed Jun 16 18:03:23 UTC 2021 - Not Iddle
Wed Jun 16 18:04:29 UTC 2021 - Not Iddle
Wed Jun 16 18:05:34 UTC 2021 - Not Iddle
Wed Jun 16 18:06:43 UTC 2021 - Not Iddle
Wed Jun 16 18:07:49 UTC 2021 - Not Iddle
Wed Jun 16 18:08:54 UTC 2021 - Not Iddle
Wed Jun 16 18:10:00 UTC 2021 - Not Iddle
Wed Jun 16 18:11:05 UTC 2021 - Not Iddle
Wed Jun 16 18:12:11 UTC 2021 - Not Iddle
Wed Jun 16 18:13:21 UTC 2021 - Not Iddle
Wed Jun 16 18:14:33 UTC 2021 - Not Iddle
Wed Jun 16 18:15:43 UTC 2021 - Not Iddle
Wed Jun 16 18:16:49 UTC 2021 - Not Iddle
Wed Jun 16 18:17:55 UTC 2021 - Not Iddle
Wed Jun 16 18:19:01 UTC 2021 - Not Iddle
Wed Jun 16 18:20:07 UTC 2021 - Not Iddle
Wed Jun 16 18:21:12 UTC 2021 - Not Iddle
Wed Jun 16 18:22:18 UTC 2021 - Not Iddle
Wed Jun 16 18:23:24 UTC 2021 - Not Iddle
Wed Jun 16 18:24:29 UTC 2021 - Not Iddle
Wed Jun 16 18:25:35 UTC 2021 - Not Iddle
Wed Jun 16 18:27:06 UTC 2021 - Not Iddle
Wed Jun 16 18:28:12 UTC 2021 - Not Iddle
Wed Jun 16 18:29:17 UTC 2021 - Not Iddle
Wed Jun 16 18:30:28 UTC 2021 - Not Iddle
Wed Jun 16 18:31:41 UTC 2021 - Not Iddle
Wed Jun 16 18:32:49 UTC 2021 - Not Iddle
Wed Jun 16 18:33:59 UTC 2021 - Not Iddle
Wed Jun 16 18:35:05 UTC 2021 - Not Iddle
Wed Jun 16 18:36:11 UTC 2021 - Not Iddle
Wed Jun 16 18:37:16 UTC 2021 - Not Iddle
Wed Jun 16 18:38:22 UTC 2021 - Not Iddle
Wed Jun 16 18:39:28 UTC 2021 - Not Iddle
Wed Jun 16 18:40:35 UTC 2021 - Not Iddle
Wed Jun 16 18:41:42 UTC 2021 - Not Iddle
Wed Jun 16 18:43:09 UTC 2021 - Not Iddle
Wed Jun 16 18:44:14 UTC 2021 - Not Iddle
Wed Jun 16 18:45:20 UTC 2021 - Not Iddle
Wed Jun 16 18:46:26 UTC 2021 - Not Iddle
Wed Jun 16 18:47:31 UTC 2021 - Not Iddle
Wed Jun 16 18:48:37 UTC 2021 - Not Iddle
Wed Jun 16 18:49:43 UTC 2021 - Not Iddle
Wed Jun 16 18:50:49 UTC 2021 - Not Iddle
Wed Jun 16 18:51:54 UTC 2021 - Not Iddle
Wed Jun 16 18:53:03 UTC 2021 - Not Iddle
Wed Jun 16 18:54:11 UTC 2021 - Not Iddle
Wed Jun 16 18:55:16 UTC 2021 - Not Iddle
Wed Jun 16 18:56:46 UTC 2021 - Not Iddle
Wed Jun 16 18:57:52 UTC 2021 - Not Iddle
Wed Jun 16 18:58:57 UTC 2021 - Not Iddle
Wed Jun 16 19:00:03 UTC 2021 - Not Iddle
Wed Jun 16 19:01:10 UTC 2021 - Not Iddle
Wed Jun 16 19:02:16 UTC 2021 - Not Iddle
Wed Jun 16 19:03:43 UTC 2021 - Not Iddle
Wed Jun 16 19:04:49 UTC 2021 - Not Iddle
Wed Jun 16 19:05:55 UTC 2021 - Not Iddle
Wed Jun 16 19:07:15 UTC 2021 - Not Iddle
Wed Jun 16 19:08:20 UTC 2021 - Not Iddle
Wed Jun 16 19:09:26 UTC 2021 - Not Iddle
Wed Jun 16 19:10:54 UTC 2021 - Not Iddle
Wed Jun 16 19:12:02 UTC 2021 - Not Iddle
Wed Jun 16 19:13:09 UTC 2021 - Not Iddle
Wed Jun 16 19:14:15 UTC 2021 - Not Iddle
Wed Jun 16 19:15:21 UTC 2021 - Not Iddle
Wed Jun 16 19:16:27 UTC 2021 - Not Iddle
Wed Jun 16 19:17:33 UTC 2021 - Not Iddle
Wed Jun 16 19:18:40 UTC 2021 - Not Iddle
Wed Jun 16 19:19:45 UTC 2021 - Not Iddle
Wed Jun 16 19:20:51 UTC 2021 - Not Iddle
Wed Jun 16 19:21:56 UTC 2021 - Not Iddle
Wed Jun 16 19:23:02 UTC 2021 - Not Iddle
Wed Jun 16 19:24:07 UTC 2021 - Not Iddle
Wed Jun 16 19:25:13 UTC 2021 - Not Iddle
Wed Jun 16 19:26:19 UTC 2021 - Not Iddle
Wed Jun 16 19:27:24 UTC 2021 - Not Iddle
Wed Jun 16 19:28:30 UTC 2021 - Not Iddle
Wed Jun 16 19:29:36 UTC 2021 - Not Iddle
Wed Jun 16 19:30:41 UTC 2021 - Not Iddle
Wed Jun 16 19:31:47 UTC 2021 - Not Iddle
Wed Jun 16 19:32:53 UTC 2021 - Not Iddle
Wed Jun 16 19:33:59 UTC 2021 - Not Iddle
Wed Jun 16 19:35:04 UTC 2021 - Not Iddle
Wed Jun 16 19:36:10 UTC 2021 - Not Iddle
Wed Jun 16 19:37:16 UTC 2021 - Not Iddle
Wed Jun 16 19:38:22 UTC 2021 - Not Iddle
Wed Jun 16 19:39:28 UTC 2021 - Not Iddle
Wed Jun 16 19:40:34 UTC 2021 - Not Iddle
Wed Jun 16 19:41:39 UTC 2021 - Not Iddle
Wed Jun 16 19:42:45 UTC 2021 -  Iddle
Wed Jun 16 19:43:51 UTC 2021 -  Iddle
Wed Jun 16 19:44:56 UTC 2021 -  Iddle
Wed Jun 16 19:46:02 UTC 2021 -  Iddle
Wed Jun 16 19:47:08 UTC 2021 -  Iddle
Shutting down
az login --identity --allow-no-subscriptions
[
  {
    "environmentName": "AzureCloud",
    "homeTenantId": "e7c411a6-9013-4967-a5b1-3d08f9edc13e",
    "id": "1a57e146-e577-48fa-b17a-e5eb684a4396",
    "isDefault": true,
    "managedByTenants": [
      {
        "tenantId": "2f4a9838-26b7-47ee-be60-ccc1fdec5953"
      }
    ],
    "name": "Compass",
    "state": "Enabled",
    "tenantId": "e7c411a6-9013-4967-a5b1-3d08f9edc13e",
    "user": {
      "assignedIdentityInfo": "MSI",
      "name": "systemAssignedIdentity",
      "type": "servicePrincipal"
    }
  }
]
az account set --subscription Compass
az vm stop --resource-group PrevisaoPLD --name AZCPSRELATORIO-R
WARNING: About to power off the specified VM...
It will continue to be billed. To deallocate a VM, run: az vm deallocate.
az vm deallocate --resource-group PrevisaoPLD --name AZCPSRELATORIO-R
AZCPSRELATORIO-R
Iniciando
Iniciando Start
machinhe - AZCPSRELATORIO-R
Teste de Status
deallocated
Wed Jun 16 19:55:29 UTC 2021 ------- starting AZCPSRELATORIO-R
sudo -u compass az login --identity --allow-no-subscriptions
[
  {
    "environmentName": "AzureCloud",
    "homeTenantId": "e7c411a6-9013-4967-a5b1-3d08f9edc13e",
    "id": "1a57e146-e577-48fa-b17a-e5eb684a4396",
    "isDefault": true,
    "managedByTenants": [
      {
        "tenantId": "2f4a9838-26b7-47ee-be60-ccc1fdec5953"
      }
    ],
    "name": "Compass",
    "state": "Enabled",
    "tenantId": "e7c411a6-9013-4967-a5b1-3d08f9edc13e",
    "user": {
      "assignedIdentityInfo": "MSI",
      "name": "systemAssignedIdentity",
      "type": "servicePrincipal"
    }
  }
]
sudo -u compass az account set --subscription Compass
-------
az vm start --resource-group PrevisaoPLD --name AZCPSRELATORIO-R
-------
Creating folders
ssh compass@ "echo "[:X.3LR9@ge_r_*Q" | sudo -E -S mkdir -p -m 775 /mnt/resource/{decomp,newave} | sudo -E -S mkdir -p -m 775 /dev/shm/{decomp,newave} "
SSH Falhou
mkdir: created directory '/mnt/resource'
mkdir: created directory '/mnt/resource/decomp'
mkdir: created directory '/mnt/resource/newave'
Error: '/home/compass/sacomercializadora' is already mounted. Recheck your config
Criou Pasta 
Wed Jun 16 19:58:31 UTC 2021 - Not Iddle
Wed Jun 16 19:59:37 UTC 2021 - Not Iddle
Wed Jun 16 20:00:42 UTC 2021 - Not Iddle
Wed Jun 16 20:01:48 UTC 2021 - Not Iddle
Wed Jun 16 20:02:54 UTC 2021 - Not Iddle
Wed Jun 16 20:04:15 UTC 2021 - Not Iddle
Wed Jun 16 20:05:21 UTC 2021 - Not Iddle
Wed Jun 16 20:06:47 UTC 2021 - Not Iddle
Wed Jun 16 20:07:53 UTC 2021 - Not Iddle
Wed Jun 16 20:09:20 UTC 2021 - Not Iddle
Wed Jun 16 20:10:26 UTC 2021 - Not Iddle
Wed Jun 16 20:11:33 UTC 2021 - Not Iddle
Wed Jun 16 20:12:40 UTC 2021 - Not Iddle
Wed Jun 16 20:13:48 UTC 2021 - Not Iddle
Wed Jun 16 20:15:16 UTC 2021 - Not Iddle
Wed Jun 16 20:16:43 UTC 2021 - Not Iddle
Wed Jun 16 20:17:48 UTC 2021 - Not Iddle
Wed Jun 16 20:18:54 UTC 2021 - Not Iddle
Wed Jun 16 20:19:59 UTC 2021 - Not Iddle
Wed Jun 16 20:21:05 UTC 2021 - Not Iddle
Wed Jun 16 20:22:11 UTC 2021 - Not Iddle
Wed Jun 16 20:23:17 UTC 2021 - Not Iddle
Wed Jun 16 20:24:43 UTC 2021 - Not Iddle
Wed Jun 16 20:25:53 UTC 2021 - Not Iddle
Wed Jun 16 20:27:20 UTC 2021 - Not Iddle
Wed Jun 16 20:28:25 UTC 2021 - Not Iddle
Wed Jun 16 20:29:31 UTC 2021 - Not Iddle
Wed Jun 16 20:30:37 UTC 2021 - Not Iddle
Wed Jun 16 20:31:42 UTC 2021 - Not Iddle
Wed Jun 16 20:32:48 UTC 2021 -  Iddle
Wed Jun 16 20:33:53 UTC 2021 -  Iddle
Wed Jun 16 20:34:59 UTC 2021 -  Iddle
Wed Jun 16 20:36:05 UTC 2021 -  Iddle
Wed Jun 16 20:37:10 UTC 2021 -  Iddle
Shutting down
az login --identity --allow-no-subscriptions
[
  {
    "environmentName": "AzureCloud",
    "homeTenantId": "e7c411a6-9013-4967-a5b1-3d08f9edc13e",
    "id": "1a57e146-e577-48fa-b17a-e5eb684a4396",
    "isDefault": true,
    "managedByTenants": [
      {
        "tenantId": "2f4a9838-26b7-47ee-be60-ccc1fdec5953"
      }
    ],
    "name": "Compass",
    "state": "Enabled",
    "tenantId": "e7c411a6-9013-4967-a5b1-3d08f9edc13e",
    "user": {
      "assignedIdentityInfo": "MSI",
      "name": "systemAssignedIdentity",
      "type": "servicePrincipal"
    }
  }
]
az account set --subscription Compass
az vm stop --resource-group PrevisaoPLD --name AZCPSRELATORIO-R
WARNING: About to power off the specified VM...
It will continue to be billed. To deallocate a VM, run: az vm deallocate.
az vm deallocate --resource-group PrevisaoPLD --name AZCPSRELATORIO-R
AZCPSRELATORIO-R
Iniciando
Iniciando Start
machinhe - AZCPSRELATORIO-R
Teste de Status
deallocated
Tue Sep 21 20:16:13 UTC 2021 ------- starting AZCPSRELATORIO-R
sudo -u compass az login --identity --allow-no-subscriptions
[
  {
    "environmentName": "AzureCloud",
    "homeTenantId": "e7c411a6-9013-4967-a5b1-3d08f9edc13e",
    "id": "1a57e146-e577-48fa-b17a-e5eb684a4396",
    "isDefault": true,
    "managedByTenants": [
      {
        "tenantId": "2f4a9838-26b7-47ee-be60-ccc1fdec5953"
      }
    ],
    "name": "Compass",
    "state": "Enabled",
    "tenantId": "e7c411a6-9013-4967-a5b1-3d08f9edc13e",
    "user": {
      "assignedIdentityInfo": "MSI",
      "name": "systemAssignedIdentity",
      "type": "servicePrincipal"
    }
  }
]
sudo -u compass az account set --subscription Compass
-------
az vm start --resource-group PrevisaoPLD --name AZCPSRELATORIO-R
-------
Creating folders
ssh compass@ "echo "[:X.3LR9@ge_r_*Q" | sudo -E -S mkdir -p -m 775 /mnt/resource/{decomp,newave} | sudo -E -S mkdir -p -m 775 /dev/shm/{decomp,newave} "
SSH Falhou
mkdir: created directory '/mnt/resource'
mkdir: created directory '/mnt/resource/decomp'
mkdir: created directory '/mnt/resource/newave'
Error: '/home/compass/sacomercializadora' is already mounted. Recheck your config
Criou Pasta 
Tue Sep 21 20:19:02 UTC 2021 - Not Iddle
Tue Sep 21 20:20:09 UTC 2021 - Not Iddle
Tue Sep 21 20:21:15 UTC 2021 - Not Iddle
Tue Sep 21 20:22:21 UTC 2021 - Not Iddle
Tue Sep 21 20:23:28 UTC 2021 - Not Iddle
Tue Sep 21 20:24:33 UTC 2021 - Not Iddle
Tue Sep 21 20:25:39 UTC 2021 - Not Iddle
Tue Sep 21 20:26:48 UTC 2021 - Not Iddle
Tue Sep 21 20:27:53 UTC 2021 - Not Iddle
Tue Sep 21 20:28:59 UTC 2021 - Not Iddle
Tue Sep 21 20:30:04 UTC 2021 - Not Iddle
Tue Sep 21 20:31:10 UTC 2021 - Not Iddle
Tue Sep 21 20:32:16 UTC 2021 - Not Iddle
Tue Sep 21 20:33:21 UTC 2021 - Not Iddle
Tue Sep 21 20:34:27 UTC 2021 - Not Iddle
Tue Sep 21 20:35:33 UTC 2021 - Not Iddle
Tue Sep 21 20:36:38 UTC 2021 - Not Iddle
Tue Sep 21 20:37:44 UTC 2021 - Not Iddle
Tue Sep 21 20:38:49 UTC 2021 - Not Iddle
Tue Sep 21 20:39:55 UTC 2021 - Not Iddle
Tue Sep 21 20:41:01 UTC 2021 - Not Iddle
Tue Sep 21 20:42:06 UTC 2021 - Not Iddle
Tue Sep 21 20:43:12 UTC 2021 - Not Iddle
Tue Sep 21 20:44:25 UTC 2021 - Not Iddle
Tue Sep 21 20:45:30 UTC 2021 - Not Iddle
Tue Sep 21 20:46:37 UTC 2021 - Not Iddle
Tue Sep 21 20:47:42 UTC 2021 - Not Iddle
Tue Sep 21 20:48:48 UTC 2021 - Not Iddle
Tue Sep 21 20:49:54 UTC 2021 - Not Iddle
Tue Sep 21 20:51:00 UTC 2021 - Not Iddle
Tue Sep 21 20:52:06 UTC 2021 - Not Iddle
Tue Sep 21 20:53:11 UTC 2021 - Not Iddle
Tue Sep 21 20:54:17 UTC 2021 - Not Iddle
Tue Sep 21 20:55:22 UTC 2021 - Not Iddle
Tue Sep 21 20:56:27 UTC 2021 - Not Iddle
Tue Sep 21 20:57:33 UTC 2021 - Not Iddle
Tue Sep 21 20:58:38 UTC 2021 - Not Iddle
Tue Sep 21 20:59:44 UTC 2021 - Not Iddle
Tue Sep 21 21:00:49 UTC 2021 - Not Iddle
Tue Sep 21 21:01:56 UTC 2021 - Not Iddle
Tue Sep 21 21:03:02 UTC 2021 - Not Iddle
Tue Sep 21 21:04:08 UTC 2021 - Not Iddle
Tue Sep 21 21:05:15 UTC 2021 - Not Iddle
Tue Sep 21 21:06:22 UTC 2021 - Not Iddle
Tue Sep 21 21:07:29 UTC 2021 - Not Iddle
Tue Sep 21 21:08:35 UTC 2021 - Not Iddle
Tue Sep 21 21:09:41 UTC 2021 - Not Iddle
Tue Sep 21 21:10:47 UTC 2021 - Not Iddle
Tue Sep 21 21:11:53 UTC 2021 - Not Iddle
Tue Sep 21 21:12:58 UTC 2021 - Not Iddle
Tue Sep 21 21:14:04 UTC 2021 - Not Iddle
Tue Sep 21 21:15:09 UTC 2021 - Not Iddle
Tue Sep 21 21:16:16 UTC 2021 - Not Iddle
Tue Sep 21 21:17:22 UTC 2021 - Not Iddle
Tue Sep 21 21:18:28 UTC 2021 - Not Iddle
Tue Sep 21 21:19:33 UTC 2021 - Not Iddle
Tue Sep 21 21:20:39 UTC 2021 - Not Iddle
Tue Sep 21 21:21:45 UTC 2021 - Not Iddle
Tue Sep 21 21:22:50 UTC 2021 - Not Iddle
Tue Sep 21 21:23:56 UTC 2021 - Not Iddle
Tue Sep 21 21:25:01 UTC 2021 - Not Iddle
Tue Sep 21 21:26:07 UTC 2021 - Not Iddle
Tue Sep 21 21:27:13 UTC 2021 - Not Iddle
Tue Sep 21 21:28:19 UTC 2021 -  Iddle
Tue Sep 21 21:29:24 UTC 2021 -  Iddle
Tue Sep 21 21:30:30 UTC 2021 -  Iddle
Tue Sep 21 21:31:35 UTC 2021 -  Iddle
Tue Sep 21 21:32:40 UTC 2021 -  Iddle
Shutting down
az login --identity --allow-no-subscriptions
[
  {
    "environmentName": "AzureCloud",
    "homeTenantId": "e7c411a6-9013-4967-a5b1-3d08f9edc13e",
    "id": "1a57e146-e577-48fa-b17a-e5eb684a4396",
    "isDefault": true,
    "managedByTenants": [
      {
        "tenantId": "2f4a9838-26b7-47ee-be60-ccc1fdec5953"
      }
    ],
    "name": "Compass",
    "state": "Enabled",
    "tenantId": "e7c411a6-9013-4967-a5b1-3d08f9edc13e",
    "user": {
      "assignedIdentityInfo": "MSI",
      "name": "systemAssignedIdentity",
      "type": "servicePrincipal"
    }
  }
]
az account set --subscription Compass
az vm stop --resource-group PrevisaoPLD --name AZCPSRELATORIO-R
WARNING: About to power off the specified VM...
It will continue to be billed. To deallocate a VM, run: az vm deallocate.
az vm deallocate --resource-group PrevisaoPLD --name AZCPSRELATORIO-R
