AZCPSPLDC01-A
Iniciando
Iniciando Start
machinhe - AZCPSPLDC01-A
Teste de Status
[]
Vm []
AZCPSPLDC01-A
Iniciando
Iniciando Start
machinhe - AZCPSPLDC01-A
Teste de Status
[]
Vm []
AZCPSPLDC01-A
Iniciando
Iniciando Start
machinhe - AZCPSPLDC01-A
Teste de Status
[]
Vm []
AZCPSPLDC01-A
Iniciando
Iniciando Start
machinhe - AZCPSPLDC01-A
Teste de Status
[]
Vm []
AZCPSPLDC01-A
Iniciando
Iniciando Start
machinhe - AZCPSPLDC01-A
Teste de Status
[]
Vm []
AZCPSPLDC01-A
Iniciando
Iniciando Start
machinhe - AZCPSPLDC01-A
Teste de Status
[]
Vm []
AZCPSPLDC01-A
Iniciando
Iniciando Start
machinhe - AZCPSPLDC01-A
Teste de Status
[]
Vm []
AZCPSPLDC01-A
Iniciando
Iniciando Start
machinhe - AZCPSPLDC01-A
Teste de Status
[]
Vm []
AZCPSPLDC01-A
Iniciando
Iniciando Start
machinhe - AZCPSPLDC01-A
Teste de Status
[]
Vm []
AZCPSPLDC01-A
Iniciando
Iniciando Start
machinhe - AZCPSPLDC01-A
Teste de Status
[]
Vm []
AZCPSPLDC01-A
Iniciando
Iniciando Start
machinhe - AZCPSPLDC01-A
Teste de Status
[]
Vm []
AZCPSPLDC01-A
Iniciando
Iniciando Start
machinhe - AZCPSPLDC01-A
Teste de Status
[]
Vm []
AZCPSPLDC01-A
Iniciando
Iniciando Start
machinhe - AZCPSPLDC01-A
Teste de Status
[]
Vm []
AZCPSPLDC01-A
Iniciando
Iniciando Start
machinhe - AZCPSPLDC01-A
Teste de Status
[]
Vm []
AZCPSPLDC01-A
Iniciando
Iniciando Start
machinhe - AZCPSPLDC01-A
Teste de Status
[]
Vm []
